c:\users\xenona\desktop\sysprog\lab_5_winapi\lab_4_winapi_static\table_dll\x64\debug\vc143.pdb
c:\users\xenona\desktop\sysprog\lab_5_winapi\lab_4_winapi_static\table_dll\x64\debug\vc143.idb
c:\users\xenona\desktop\sysprog\lab_5_winapi\lab_4_winapi_static\table_dll\x64\debug\dllmain.obj
c:\users\xenona\desktop\sysprog\lab_5_winapi\lab_4_winapi_static\table_dll\x64\debug\table_dll.ilk
c:\users\xenona\desktop\sysprog\lab_5_winapi\lab_4_winapi_static\x64\debug\table_dll.dll
c:\users\xenona\desktop\sysprog\lab_5_winapi\lab_4_winapi_static\x64\debug\table_dll.pdb
c:\users\xenona\desktop\sysprog\lab_5_winapi\lab_4_winapi_static\x64\debug\table_dll.lib
c:\users\xenona\desktop\sysprog\lab_5_winapi\lab_4_winapi_static\x64\debug\table_dll.exp
c:\users\xenona\desktop\sysprog\lab_5_winapi\lab_4_winapi_static\table_dll\x64\debug\cell.obj
c:\users\xenona\desktop\sysprog\lab_5_winapi\lab_4_winapi_static\table_dll\x64\debug\fonts.obj
c:\users\xenona\desktop\sysprog\lab_5_winapi\lab_4_winapi_static\table_dll\x64\debug\headertable.obj
c:\users\xenona\desktop\sysprog\lab_5_winapi\lab_4_winapi_static\table_dll\x64\debug\table.obj
c:\users\xenona\desktop\sysprog\lab_5_winapi\lab_4_winapi_static\table_dll\x64\debug\table_dll.tlog\cl.command.1.tlog
c:\users\xenona\desktop\sysprog\lab_5_winapi\lab_4_winapi_static\table_dll\x64\debug\table_dll.tlog\cl.items.tlog
c:\users\xenona\desktop\sysprog\lab_5_winapi\lab_4_winapi_static\table_dll\x64\debug\table_dll.tlog\cl.read.1.tlog
c:\users\xenona\desktop\sysprog\lab_5_winapi\lab_4_winapi_static\table_dll\x64\debug\table_dll.tlog\cl.write.1.tlog
c:\users\xenona\desktop\sysprog\lab_5_winapi\lab_4_winapi_static\table_dll\x64\debug\table_dll.tlog\link.command.1.tlog
c:\users\xenona\desktop\sysprog\lab_5_winapi\lab_4_winapi_static\table_dll\x64\debug\table_dll.tlog\link.read.1.tlog
c:\users\xenona\desktop\sysprog\lab_5_winapi\lab_4_winapi_static\table_dll\x64\debug\table_dll.tlog\link.write.1.tlog
c:\users\xenona\desktop\sysprog\lab_5_winapi\lab_4_winapi_static\table_dll\x64\debug\table_dll.tlog\link.write.2u.tlog
