d:\studies\5 term\sp\lab4\lab_4_winapi_static\table_dll\x64\debug\vc143.pdb
d:\studies\5 term\sp\lab4\lab_4_winapi_static\table_dll\x64\debug\vc143.idb
d:\studies\5 term\sp\lab4\lab_4_winapi_static\table_dll\x64\debug\dllmain.obj
d:\studies\5 term\sp\lab4\lab_4_winapi_static\x64\debug\table_dll.dll
d:\studies\5 term\sp\lab4\lab_4_winapi_static\x64\debug\table_dll.pdb
d:\studies\5 term\sp\lab4\lab_4_winapi_static\x64\debug\table_dll.lib
d:\studies\5 term\sp\lab4\lab_4_winapi_static\x64\debug\table_dll.exp
d:\studies\5 term\sp\lab4\lab_4_winapi_static\table_dll\x64\debug\table_dll.ilk
d:\studies\5 term\sp\lab4\lab_4_winapi_static\table_dll\x64\debug\cell.obj
d:\studies\5 term\sp\lab4\lab_4_winapi_static\table_dll\x64\debug\fonts.obj
d:\studies\5 term\sp\lab4\lab_4_winapi_static\table_dll\x64\debug\headertable.obj
d:\studies\5 term\sp\lab4\lab_4_winapi_static\table_dll\x64\debug\table.obj
d:\studies\5 term\sp\lab4\lab_4_winapi_static\table_dll\x64\debug\table_dll.tlog\cl.command.1.tlog
d:\studies\5 term\sp\lab4\lab_4_winapi_static\table_dll\x64\debug\table_dll.tlog\cl.items.tlog
d:\studies\5 term\sp\lab4\lab_4_winapi_static\table_dll\x64\debug\table_dll.tlog\cl.read.1.tlog
d:\studies\5 term\sp\lab4\lab_4_winapi_static\table_dll\x64\debug\table_dll.tlog\cl.write.1.tlog
d:\studies\5 term\sp\lab4\lab_4_winapi_static\table_dll\x64\debug\table_dll.tlog\link.command.1.tlog
d:\studies\5 term\sp\lab4\lab_4_winapi_static\table_dll\x64\debug\table_dll.tlog\link.read.1.tlog
d:\studies\5 term\sp\lab4\lab_4_winapi_static\table_dll\x64\debug\table_dll.tlog\link.secondary.1.tlog
d:\studies\5 term\sp\lab4\lab_4_winapi_static\table_dll\x64\debug\table_dll.tlog\link.write.1.tlog
